_ifam_pid.c:4:19: error: no member named 'ifam_pid' in 'struct ifa_msghdr'
        return (int)ifam.ifam_pid;
                    ~~~~ ^
1 error generated.
_ifam_addrflags.c:4:19: error: no member named 'ifam_addrflags' in 'struct ifa_msghdr'
        return (int)ifam.ifam_addrflags;
                    ~~~~ ^
1 error generated.
_getifaddrs_addrflags.c:6:20: error: no member named 'ifa_addrflags' in 'struct ifaddrs'; did you mean 'ifa_flags'?
        return (int)ifap->ifa_addrflags;
                          ^~~~~~~~~~~~~
                          ifa_flags
/usr/include/ifaddrs.h:34:16: note: 'ifa_flags' declared here
        unsigned int     ifa_flags;
                         ^
1 error generated.
_pidfile.c:2:10: fatal error: 'util.h' file not found
#include <util.h>
         ^~~~~~~~
1 error generated.
_pidfile.c:2:10: fatal error: 'util.h' file not found
#include <util.h>
         ^~~~~~~~
1 error generated.
_strtoi.c:6:2: error: implicit declaration of function 'strtoi' is invalid in C99 [-Werror,-Wimplicit-function-declaration]
        strtoi("1234", NULL, 0, 0, INT32_MAX, &e);
        ^
1 error generated.
_kqueue.c:4:9: error: implicit declaration of function 'kqueue1' is invalid in C99 [-Werror,-Wimplicit-function-declaration]
        return kqueue1(0);
               ^
_kqueue.c:4:9: note: did you mean 'kqueue'?
/usr/include/sys/event.h:295:9: note: 'kqueue' declared here
int     kqueue(void);
        ^
1 error generated.
_fls64.c:1:10: fatal error: 'sys/bitops.h' file not found
#include <sys/bitops.h>
         ^~~~~~~~~~~~~~
1 error generated.
/tmp/_md5-ef5404.o: In function `main':
/usr/home/jmaloney/projects/dhcpcd/_md5.c:6: undefined reference to `_libmd_MD5Init'
clang-4.0: error: linker command failed with exit code 1 (use -v to see invocation)
/tmp/_sha256-0f594a.o: In function `main':
/usr/home/jmaloney/projects/dhcpcd/_sha256.c:6: undefined reference to `_libmd_SHA256_Init'
clang-4.0: error: linker command failed with exit code 1 (use -v to see invocation)
Package libudev was not found in the pkg-config search path.
Perhaps you should add the directory containing `libudev.pc'
to the PKG_CONFIG_PATH environment variable
Package 'libudev', required by 'virtual:world', not found
Package libudev was not found in the pkg-config search path.
Perhaps you should add the directory containing `libudev.pc'
to the PKG_CONFIG_PATH environment variable
Package 'libudev', required by 'virtual:world', not found
